<?xml version="1.0" encoding="utf-8"?><testsuites name="pytest tests"><testsuite name="pytest" errors="0" failures="0" skipped="0" tests="53" time="31.769" timestamp="2026-04-09T15:12:51.047748+00:00" hostname="agent-env-9fb27169-21ce-43b2-9d7c-d2ea27f2959b"><testcase classname="backend.tests.test_password_reset_export.TestForgotPassword" name="test_forgot_password_existing_email" time="0.570" /><testcase classname="backend.tests.test_password_reset_export.TestForgotPassword" name="test_forgot_password_nonexistent_email" time="0.107" /><testcase classname="backend.tests.test_password_reset_export.TestForgotPassword" name="test_forgot_password_invalid_email_format" time="0.128" /><testcase classname="backend.tests.test_password_reset_export.TestResetPassword" name="test_reset_password_invalid_token" time="0.108" /><testcase classname="backend.tests.test_password_reset_export.TestResetPassword" name="test_reset_password_empty_token" time="0.101" /><testcase classname="backend.tests.test_password_reset_export.TestAdminResetPassword" name="test_admin_can_reset_user_password" time="1.613" /><testcase classname="backend.tests.test_password_reset_export.TestAdminResetPassword" name="test_admin_reset_password_nonexistent_user" time="0.397" /><testcase classname="backend.tests.test_password_reset_export.TestAdminResetPassword" name="test_standard_user_cannot_reset_password" time="1.131" /><testcase classname="backend.tests.test_password_reset_export.TestExportConsumers" name="test_export_consumers_csv" time="0.416" /><testcase classname="backend.tests.test_password_reset_export.TestExportConsumers" name="test_export_consumers_requires_auth" time="0.108" /><testcase classname="backend.tests.test_password_reset_export.TestExportBills" name="test_export_bills_csv" time="0.385" /><testcase classname="backend.tests.test_password_reset_export.TestExportBills" name="test_export_bills_requires_auth" time="0.129" /><testcase classname="backend.tests.test_password_reset_export.TestExportPayments" name="test_export_payments_csv" time="0.445" /><testcase classname="backend.tests.test_password_reset_export.TestExportPayments" name="test_export_payments_requires_auth" time="0.114" /><testcase classname="backend.tests.test_password_reset_export.TestExportStandardUser" name="test_standard_user_can_export_consumers" time="1.079" /><testcase classname="backend.tests.test_password_reset_export.TestExportStandardUser" name="test_standard_user_can_export_bills" time="1.079" /><testcase classname="backend.tests.test_password_reset_export.TestExportStandardUser" name="test_standard_user_can_export_payments" time="1.052" /><testcase classname="backend.tests.test_user_management.TestAdminLogin" name="test_admin_login_success" time="0.338" /><testcase classname="backend.tests.test_user_management.TestAdminLogin" name="test_admin_get_me" time="0.574" /><testcase classname="backend.tests.test_user_management.TestStandardUserLogin" name="test_create_standard_user_for_testing" time="0.703" /><testcase classname="backend.tests.test_user_management.TestStandardUserLogin" name="test_standard_user_login_success" time="1.013" /><testcase classname="backend.tests.test_user_management.TestStandardUserLogin" name="test_standard_user_get_me" time="1.068" /><testcase classname="backend.tests.test_user_management.TestUserManagementAdminOnly" name="test_admin_can_list_users" time="0.386" /><testcase classname="backend.tests.test_user_management.TestUserManagementAdminOnly" name="test_standard_user_cannot_list_users" time="1.078" /><testcase classname="backend.tests.test_user_management.TestUserManagementAdminOnly" name="test_admin_can_create_user" time="0.956" /><testcase classname="backend.tests.test_user_management.TestUserManagementAdminOnly" name="test_admin_can_create_admin_user" time="0.605" /><testcase classname="backend.tests.test_user_management.TestUserManagementAdminOnly" name="test_standard_user_cannot_create_user" time="1.079" /><testcase classname="backend.tests.test_user_management.TestUserManagementAdminOnly" name="test_create_user_duplicate_email_returns_400" time="0.403" /><testcase classname="backend.tests.test_user_management.TestUserManagementAdminOnly" name="test_create_user_invalid_role_returns_400" time="0.383" /><testcase classname="backend.tests.test_user_management.TestUserDeletion" name="test_admin_can_delete_user" time="0.818" /><testcase classname="backend.tests.test_user_management.TestUserDeletion" name="test_admin_cannot_delete_self" time="0.419" /><testcase classname="backend.tests.test_user_management.TestUserDeletion" name="test_standard_user_cannot_delete_user" time="1.094" /><testcase classname="backend.tests.test_user_management.TestUserDeletion" name="test_delete_nonexistent_user_returns_404" time="0.381" /><testcase classname="backend.tests.test_water_tracker_api.TestAuth" name="test_login_success" time="0.336" /><testcase classname="backend.tests.test_water_tracker_api.TestAuth" name="test_login_invalid_credentials" time="0.123" /><testcase classname="backend.tests.test_water_tracker_api.TestAuth" name="test_get_me_with_cookie" time="0.417" /><testcase classname="backend.tests.test_water_tracker_api.TestAuth" name="test_get_me_without_auth" time="0.126" /><testcase classname="backend.tests.test_water_tracker_api.TestConsumers" name="test_get_consumers_paginated" time="0.394" /><testcase classname="backend.tests.test_water_tracker_api.TestConsumers" name="test_create_consumer" time="0.442" /><testcase classname="backend.tests.test_water_tracker_api.TestConsumers" name="test_update_consumer" time="0.501" /><testcase classname="backend.tests.test_water_tracker_api.TestConsumers" name="test_delete_consumer" time="0.488" /><testcase classname="backend.tests.test_water_tracker_api.TestBills" name="test_get_bills_paginated" time="0.393" /><testcase classname="backend.tests.test_water_tracker_api.TestBills" name="test_create_bill_with_calculation" time="0.496" /><testcase classname="backend.tests.test_water_tracker_api.TestBills" name="test_delete_bill" time="0.584" /><testcase classname="backend.tests.test_water_tracker_api.TestPayments" name="test_get_payments_paginated" time="0.383" /><testcase classname="backend.tests.test_water_tracker_api.TestPayments" name="test_create_payment_updates_bill" time="0.651" /><testcase classname="backend.tests.test_water_tracker_api.TestPayments" name="test_update_payment" time="0.658" /><testcase classname="backend.tests.test_water_tracker_api.TestPayments" name="test_delete_payment_reverses_bill" time="0.600" /><testcase classname="backend.tests.test_water_tracker_api.TestRateConfig" name="test_get_rate_config" time="0.375" /><testcase classname="backend.tests.test_water_tracker_api.TestRateConfig" name="test_update_rate_config" time="0.547" /><testcase classname="backend.tests.test_water_tracker_api.TestDashboard" name="test_get_dashboard_stats" time="0.399" /><testcase classname="backend.tests.test_water_tracker_api.TestSMS" name="test_send_sms_logs_message" time="0.433" /><testcase classname="backend.tests.test_water_tracker_api.TestSMS" name="test_send_sms_invalid_consumer" time="3.027" /></testsuite></testsuites>