<?xml version="1.0" encoding="utf-8"?><testsuites name="pytest tests"><testsuite name="pytest" errors="0" failures="0" skipped="0" tests="36" time="22.121" timestamp="2026-04-09T14:50:04.164639+00:00" hostname="agent-env-9fb27169-21ce-43b2-9d7c-d2ea27f2959b"><testcase classname="tests.test_user_management.TestAdminLogin" name="test_admin_login_success" time="0.345" /><testcase classname="tests.test_user_management.TestAdminLogin" name="test_admin_get_me" time="0.380" /><testcase classname="tests.test_user_management.TestStandardUserLogin" name="test_create_standard_user_for_testing" time="0.665" /><testcase classname="tests.test_user_management.TestStandardUserLogin" name="test_standard_user_login_success" time="1.024" /><testcase classname="tests.test_user_management.TestStandardUserLogin" name="test_standard_user_get_me" time="1.171" /><testcase classname="tests.test_user_management.TestUserManagementAdminOnly" name="test_admin_can_list_users" time="0.389" /><testcase classname="tests.test_user_management.TestUserManagementAdminOnly" name="test_standard_user_cannot_list_users" time="1.038" /><testcase classname="tests.test_user_management.TestUserManagementAdminOnly" name="test_admin_can_create_user" time="1.054" /><testcase classname="tests.test_user_management.TestUserManagementAdminOnly" name="test_admin_can_create_admin_user" time="0.612" /><testcase classname="tests.test_user_management.TestUserManagementAdminOnly" name="test_standard_user_cannot_create_user" time="1.072" /><testcase classname="tests.test_user_management.TestUserManagementAdminOnly" name="test_create_user_duplicate_email_returns_400" time="0.383" /><testcase classname="tests.test_user_management.TestUserManagementAdminOnly" name="test_create_user_invalid_role_returns_400" time="0.376" /><testcase classname="tests.test_user_management.TestUserDeletion" name="test_admin_can_delete_user" time="0.832" /><testcase classname="tests.test_user_management.TestUserDeletion" name="test_admin_cannot_delete_self" time="0.441" /><testcase classname="tests.test_user_management.TestUserDeletion" name="test_standard_user_cannot_delete_user" time="1.181" /><testcase classname="tests.test_user_management.TestUserDeletion" name="test_delete_nonexistent_user_returns_404" time="0.397" /><testcase classname="tests.test_water_tracker_api.TestAuth" name="test_login_success" time="0.362" /><testcase classname="tests.test_water_tracker_api.TestAuth" name="test_login_invalid_credentials" time="0.105" /><testcase classname="tests.test_water_tracker_api.TestAuth" name="test_get_me_with_cookie" time="0.390" /><testcase classname="tests.test_water_tracker_api.TestAuth" name="test_get_me_without_auth" time="0.177" /><testcase classname="tests.test_water_tracker_api.TestConsumers" name="test_get_consumers_paginated" time="0.452" /><testcase classname="tests.test_water_tracker_api.TestConsumers" name="test_create_consumer" time="0.428" /><testcase classname="tests.test_water_tracker_api.TestConsumers" name="test_update_consumer" time="0.488" /><testcase classname="tests.test_water_tracker_api.TestConsumers" name="test_delete_consumer" time="0.496" /><testcase classname="tests.test_water_tracker_api.TestBills" name="test_get_bills_paginated" time="0.402" /><testcase classname="tests.test_water_tracker_api.TestBills" name="test_create_bill_with_calculation" time="0.486" /><testcase classname="tests.test_water_tracker_api.TestBills" name="test_delete_bill" time="0.542" /><testcase classname="tests.test_water_tracker_api.TestPayments" name="test_get_payments_paginated" time="0.363" /><testcase classname="tests.test_water_tracker_api.TestPayments" name="test_create_payment_updates_bill" time="0.602" /><testcase classname="tests.test_water_tracker_api.TestPayments" name="test_update_payment" time="0.577" /><testcase classname="tests.test_water_tracker_api.TestPayments" name="test_delete_payment_reverses_bill" time="0.585" /><testcase classname="tests.test_water_tracker_api.TestRateConfig" name="test_get_rate_config" time="0.418" /><testcase classname="tests.test_water_tracker_api.TestRateConfig" name="test_update_rate_config" time="0.506" /><testcase classname="tests.test_water_tracker_api.TestDashboard" name="test_get_dashboard_stats" time="0.391" /><testcase classname="tests.test_water_tracker_api.TestSMS" name="test_send_sms_logs_message" time="0.416" /><testcase classname="tests.test_water_tracker_api.TestSMS" name="test_send_sms_invalid_consumer" time="2.468" /></testsuite></testsuites>